<?xml version="1.0" encoding="UTF-8"?>
<!-- Generated by org.testng.reporters.JUnitXMLReporter -->
<testsuite hostname="DESKTOP-FS0PAI2" ignored="2" name="Test3" tests="2" failures="2" timestamp="28 Aug 2021 05:35:33 GMT" time="0.047" errors="0">
  <testcase name="test1" time="0.015" classname="TestNgTutorials.assertionintestng">
    <failure type="java.lang.AssertionError" message="dropdown cout does not match expected [13] but found [12]">
      <![CDATA[java.lang.AssertionError: dropdown cout does not match expected [13] but found [12]
at TestNgTutorials.assertionintestng.test1(assertionintestng.java:22)
... Removed 30 stack frames]]>
    </failure>
  </testcase> <!-- test1 -->
  <testcase name="test3" time="0.0" classname="TestNgTutorials.assertionintestng">
    <failure type="java.lang.AssertionError" message="expected [true] but found [false]">
      <![CDATA[java.lang.AssertionError: expected [true] but found [false]
at TestNgTutorials.assertionintestng.test3(assertionintestng.java:39)
... Removed 29 stack frames]]>
    </failure>
  </testcase> <!-- test3 -->
  <testcase name="testsoft" time="0.0" classname="TestNgTutorials.softassert">
    <ignored/>
  </testcase> <!-- testsoft -->
  <testcase name="test2" time="0.0" classname="TestNgTutorials.assertionintestng">
    <ignored/>
  </testcase> <!-- test2 -->
</testsuite> <!-- Test3 -->
