<?xml version="1.0" encoding="UTF-8"?>
<!-- Generated by org.testng.reporters.JUnitXMLReporter -->
<testsuite hostname="DESKTOP-FS0PAI2" ignored="0" name="Testtransfrom" tests="8" failures="2" timestamp="28 Aug 2021 07:02:58 GMT" time="0.156" errors="0">
  <testcase name="testhard" time="0.016" classname="listners.retrylist">
    <skipped/>
  </testcase> <!-- testhard -->
  <testcase name="testhard" time="0.016" classname="listners.retrylist">
    <skipped/>
  </testcase> <!-- testhard -->
  <testcase name="testhard" time="0.0" classname="listners.retrylist">
    <skipped/>
  </testcase> <!-- testhard -->
  <testcase name="testhard" time="0.0" classname="listners.retrylist">
    <failure type="java.lang.AssertionError" message="dropdown cout does not match expected [13] but found [12]">
      <![CDATA[java.lang.AssertionError: dropdown cout does not match expected [13] but found [12]
at listners.retrylist.testhard(retrylist.java:34)
... Removed 30 stack frames]]>
    </failure>
  </testcase> <!-- testhard -->
  <testcase name="testsoft" time="0.016" classname="listners.retrylist">
    <skipped/>
  </testcase> <!-- testsoft -->
  <testcase name="testsoft" time="0.0" classname="listners.retrylist">
    <skipped/>
  </testcase> <!-- testsoft -->
  <testcase name="testsoft" time="0.015" classname="listners.retrylist">
    <skipped/>
  </testcase> <!-- testsoft -->
  <testcase name="testsoft" time="0.0" classname="listners.retrylist">
    <failure type="java.lang.AssertionError" message="The following asserts failed:
	dropdown cout does not match expected [13] but found [12]">
      <![CDATA[java.lang.AssertionError: The following asserts failed:
dropdown cout does not match expected [13] but found [12]
at listners.retrylist.testsoft(retrylist.java:17)
... Removed 26 stack frames]]>
    </failure>
  </testcase> <!-- testsoft -->
</testsuite> <!-- Testtransfrom -->
